Arguments: 
  C:\Program Files\nodejs\node.exe C:\Users\czp\AppData\Roaming\npm\node_modules\yarn\bin\yarn.js

PATH: 
  D:\java16\jdk-16.0.1_windows-x64_bin\jdk-16.0.1\bin;C:\Windows\system32;C:\Windows;C:\Windows\System32\Wbem;C:\Windows\System32\WindowsPowerShell\v1.0\;C:\Windows\System32\OpenSSH\;C:\Program Files (x86)\NVIDIA Corporation\PhysX\Common;C:\Program Files\NVIDIA Corporation\NVIDIA NvDLISR;C:\Program Files\Git\cmd;C:\Program Files\Microsoft SQL Server\130\Tools\Binn\;D:\java16\jdk-16.0.1_windows-x64_bin\jdk-16.0.1\bin;C:\Program Files\dotnet\;C:\Program Files\TortoiseSVN\bin;D:\java16\apache-maven-3.8.4\bin;D:\Java\mysql-8.0.22-winx64\mysql-8.0.22-winx64\bin;C:\Program Files (x86)\NetSarang\Xftp 7\;C:\Program Files\Microsoft SQL Server\Client SDK\ODBC\170\Tools\Binn\;C:\WINDOWS\system32;C:\WINDOWS;C:\WINDOWS\System32\Wbem;C:\WINDOWS\System32\WindowsPowerShell\v1.0\;C:\WINDOWS\System32\OpenSSH\;C:\WINDOWS\system32\config\systemprofile\.dnx\bin;C:\Program Files\Microsoft DNX\Dnvm\;C:\Program Files (x86)\Tencent\微信web开发者工具\dll;C:\Users\czp\AppData\Roaming\nvm;C:\Program Files\nodejs;C:\Program Files\Microsoft SQL Server\110\DTS\Binn\;C:\Program Files (x86)\Microsoft SQL Server\110\Tools\Binn\;C:\Program Files\Microsoft SQL Server\110\Tools\Binn\;C:\Program Files (x86)\Microsoft SQL Server\110\Tools\Binn\ManagementStudio\;C:\Program Files (x86)\Microsoft Visual Studio 10.0\Common7\IDE\PrivateAssemblies\;C:\Program Files (x86)\Microsoft SQL Server\110\DTS\Binn\;D:\java16\apache-maven-3.8.4\bin;C:\Users\czp\AppData\Local\Microsoft\WindowsApps;C:\Users\czp\AppData\Roaming\npm;C:\Users\czp\AppData\Local\Programs\Microsoft VS Code\bin;C:\Users\czp\.dotnet\tools;C:\Users\czp\AppData\Roaming\nvm;C:\Program Files\nodejs

Yarn version: 
  1.22.10

Node version: 
  12.18.3

Platform: 
  win32 x64

Trace: 
  Error: certificate has expired
      at TLSSocket.onConnectSecure (_tls_wrap.js:1501:34)
      at TLSSocket.emit (events.js:315:20)
      at TLSSocket._finishInit (_tls_wrap.js:936:8)
      at TLSWrap.ssl.onhandshakedone (_tls_wrap.js:710:12)

npm manifest: 
  {
    "name": "wechatoa",
    "version": "1.0.0",
    "mpvueTemplateProjectVersion": "0.1.0",
    "description": "A Mpvue project",
    "author": "dd <1298698045@qq.com>",
    "private": true,
    "scripts": {
      "dev:wx": "node build/dev-server.js wx",
      "start:wx": "npm run dev:wx",
      "build:wx": "node build/build.js wx",
      "dev:swan": "node build/dev-server.js swan",
      "start:swan": "npm run dev:swan",
      "build:swan": "node build/build.js swan",
      "dev:tt": "node build/dev-server.js tt",
      "start:tt": "npm run dev:tt",
      "build:tt": "node build/build.js tt",
      "dev:my": "node build/dev-server.js my",
      "start:my": "npm run dev:my",
      "build:my": "node build/build.js my",
      "dev": "node build/dev-server.js wx",
      "start": "npm run dev",
      "build": "node build/build.js wx"
    },
    "dependencies": {
      "dayjs": "^1.9.4",
      "flyio": "^0.6.14",
      "fs": "0.0.1-security",
      "less": "^3.11.2",
      "less-loader": "^4.1.0",
      "moment": "^2.29.2",
      "mpvue": "^2.0.0",
      "mpvue-calendar": "^2.3.7",
      "mpvue-wxparse": "^0.6.5",
      "swiper": "^6.1.1",
      "v-week-slider": "^1.3.0",
      "vuex": "^3.1.3",
      "weiui": "^1.0.0"
    },
    "devDependencies": {
      "babel-core": "^6.22.1",
      "babel-loader": "^7.1.1",
      "babel-plugin-transform-runtime": "^6.22.0",
      "babel-preset-env": "^1.3.2",
      "babel-preset-stage-2": "^6.22.0",
      "babel-register": "^6.22.0",
      "chalk": "^2.4.0",
      "connect-history-api-fallback": "^1.3.0",
      "copy-webpack-plugin": "^4.5.1",
      "css-loader": "^0.28.11",
      "cssnano": "^3.10.0",
      "eventsource-polyfill": "^0.9.6",
      "express": "^4.16.3",
      "extract-text-webpack-plugin": "^3.0.2",
      "file-loader": "^1.1.11",
      "friendly-errors-webpack-plugin": "^1.7.0",
      "glob": "^7.1.2",
      "html-webpack-plugin": "^3.2.0",
      "http-proxy-middleware": "^0.18.0",
      "mkdirp": "^0.5.1",
      "mpvue-loader": "^2.0.0",
      "mpvue-template-compiler": "^2.0.0",
      "mpvue-webpack-target": "^1.0.3",
      "node-sass": "^4.14.1",
      "optimize-css-assets-webpack-plugin": "^3.2.0",
      "ora": "^2.0.0",
      "portfinder": "^1.0.13",
      "postcss-loader": "^2.1.4",
      "postcss-mpvue-wxss": "^1.0.0",
      "prettier": "~1.12.1",
      "px2rpx-loader": "^0.1.10",
      "relative": "^3.0.2",
      "rimraf": "^2.6.0",
      "sass": "^1.26.10",
      "sass-loader": "^7.3.1",
      "semver": "^5.3.0",
      "shelljs": "^0.8.1",
      "uglifyjs-webpack-plugin": "^1.2.5",
      "url-loader": "^1.0.1",
      "vue-style-loader": "^4.1.0",
      "webpack": "^3.11.0",
      "webpack-bundle-analyzer": "^2.2.1",
      "webpack-dev-middleware-hard-disk": "^1.12.0",
      "webpack-merge": "^4.1.0",
      "webpack-mpvue-asset-plugin": "^2.0.0",
      "webpack-mpvue-vendor-plugin": "^2.0.0"
    },
    "engines": {
      "node": ">= 4.0.0",
      "npm": ">= 3.0.0"
    },
    "browserslist": [
      "> 1%",
      "last 2 versions",
      "not ie <= 8"
    ]
  }

yarn manifest: 
  No manifest

Lockfile: 
  No lockfile
